<?xml version="1.0" encoding="UTF-8"?>
<testng-results ignored="0" total="1" passed="1" failed="0" skipped="0">
  <reporter-output>
  </reporter-output>
  <suite started-at="2022-06-22T11:40:56 CDT" name="Default suite" finished-at="2022-06-22T11:41:04 CDT" duration-ms="8265">
    <groups>
    </groups>
    <test started-at="2022-06-22T11:40:56 CDT" name="Default test" finished-at="2022-06-22T11:41:04 CDT" duration-ms="8265">
      <class name="session4.HW3">
        <test-method is-config="true" signature="init()[pri:0, instance:session4.HW3@69e1dd28]" started-at="2022-06-22T11:40:56 CDT" name="init" finished-at="2022-06-22T11:40:58 CDT" duration-ms="1630" status="PASS">
          <reporter-output>
          </reporter-output>
        </test-method> <!-- init -->
        <test-method signature="loginAndAddContact()[pri:0, instance:session4.HW3@69e1dd28]" started-at="2022-06-22T11:40:58 CDT" name="loginAndAddContact" finished-at="2022-06-22T11:41:00 CDT" duration-ms="2391" status="PASS">
          <reporter-output>
          </reporter-output>
        </test-method> <!-- loginAndAddContact -->
        <test-method is-config="true" signature="tearDown()[pri:0, instance:session4.HW3@69e1dd28]" started-at="2022-06-22T11:41:00 CDT" name="tearDown" finished-at="2022-06-22T11:41:04 CDT" duration-ms="4215" status="PASS">
          <reporter-output>
          </reporter-output>
        </test-method> <!-- tearDown -->
      </class> <!-- session4.HW3 -->
    </test> <!-- Default test -->
  </suite> <!-- Default suite -->
</testng-results>
